12-04-2019 11:47:42 1555062462126 BuildInfo[
                          Build=20190409
                          BuildNumber=20190409
                          Revision=915d83a
                          Version=3.12
                          SerialVersion=1
                          Enterprise=false]
12-04-2019 11:47:42 1555062462127 ConfigProperties[
                          hazelcast.client.event.queue.capacity=1000000
                          hazelcast.client.event.thread.count=5
                          hazelcast.client.heartbeat.interval=5000
                          hazelcast.client.heartbeat.timeout=60000
                          hazelcast.client.invocation.timeout.seconds=120
                          hazelcast.client.shuffle.member.list=true]
12-04-2019 11:47:42 1555062462127 SystemProperties[
                          hazelcast.diagnostics.enabled=true
                          hazelcast.logging.type=jdk
                          java.class.path=C:\AESoft\AStructure\JWebMPParent\JWebMPBuilder\GuicedEE\Persistence\Hazelcast\target\test-classes;C:\AESoft\AStructure\JWebMPParent\JWebMPBuilder\GuicedEE\Persistence\Hazelcast\target\classes;C:\AESoft\AStructure\JWebMPParent\JWebMPBuilder\GuicedEE\Persistence\HibernatePropertiesReader\target\guiced-persistence-hibernateproperties-reader-0.0.0_0-SNAPSHOT.jar;C:\AESoft\AStructure\JWebMPParent\JWebMPBuilder\GuicedEE\Persistence\GuicedPersistence\target\guiced-persistence-0.0.0_0-SNAPSHOT.jar;C:\AESoft\AStructure\JWebMPParent\JWebMPBuilder\GuicedEE\GuicedInjection\target\guiced-injection-0.0.0_0-SNAPSHOT.jar;C:\AESoft\AStructure\JWebMPParent\JWebMPBuilder\GuicedEE\LogMaster\target\guiced-log-master-0.0.0_0-SNAPSHOT.jar;c:\AESoft\Maven Repository\io\github\classgraph\classgraph\4.8.24\classgraph-4.8.24.jar;C:\AESoft\AStructure\JWebMPParent\JWebMPBuilder\ThirdParty\javax-inject\target\javax.inject-0.0.0_0-SNAPSHOT.jar;C:\AESoft\AStructure\JWebMPParent\JWebMPBuilder\JPMSPending\jackson-bom\base\jackson-databind\target\jackson-databind-0.0.0_0-SNAPSHOT.jar;C:\AESoft\AStructure\JWebMPParent\JWebMPBuilder\JPMSPending\jackson-bom\base\jackson-core\target\jackson-core-0.0.0_0-SNAPSHOT.jar;C:\AESoft\AStructure\JWebMPParent\JWebMPBuilder\JPMSPending\jackson-parent\jackson-annotations\target\jackson-annotations-0.0.0_0-SNAPSHOT.jar;C:\AESoft\AStructure\JWebMPParent\JWebMPBuilder\JPMSPending\jackson-bom\base\jackson-modules-base\guice\target\jackson-module-guice-0.0.0_0-SNAPSHOT.jar;C:\AESoft\AStructure\JWebMPParent\JWebMPBuilder\JPMSPending\jackson-bom\base\jackson-modules-java8\datatypes\target\jackson-datatype-jdk8-0.0.0_0-SNAPSHOT.jar;C:\AESoft\AStructure\JWebMPParent\JWebMPBuilder\JPMSPending\guice-parent\guice\extensions\persist\target\guice-persist-0.0.0_0-SNAPSHOT.jar;C:\AESoft\AStructure\JWebMPParent\JWebMPBuilder\ThirdParty\JsonOrg\target\json-0.0.0_0-SNAPSHOT.jar;C:\AESoft\AStructure\JWebMPParent\JWebMPBuilder\ThirdParty\AOPAlliance\target\aopalliance-core-0.0.0_0-SNAPSHOT.jar;c:\AESoft\Maven Repository\javax\activation\javax.activation-api\1.2.0\javax.activation-api-1.2.0.jar;c:\AESoft\Maven Repository\com\google\guava\guava\27.1-jre\guava-27.1-jre.jar;c:\AESoft\Maven Repository\com\google\guava\failureaccess\1.0.1\failureaccess-1.0.1.jar;c:\AESoft\Maven Repository\com\google\guava\listenablefuture\9999.0-empty-to-avoid-conflict-with-guava\listenablefuture-9999.0-empty-to-avoid-conflict-with-guava.jar;c:\AESoft\Maven Repository\org\checkerframework\checker-qual\2.5.2\checker-qual-2.5.2.jar;c:\AESoft\Maven Repository\com\google\errorprone\error_prone_annotations\2.3.2\error_prone_annotations-2.3.2.jar;c:\AESoft\Maven Repository\com\google\j2objc\j2objc-annotations\1.1\j2objc-annotations-1.1.jar;c:\AESoft\Maven Repository\org\codehaus\mojo\animal-sniffer-annotations\1.17\animal-sniffer-annotations-1.17.jar;C:\AESoft\AStructure\JWebMPParent\JWebMPBuilder\JPMSPending\guice-parent\guice\guice-core\target\guice-0.0.0_0-SNAPSHOT.jar;C:\AESoft\AStructure\JWebMPParent\JWebMPBuilder\JPMSPending\commons-lang3\target\commons-lang3-0.0.0_0-SNAPSHOT.jar;c:\AESoft\Maven Repository\javax\validation\validation-api\2.0.1.Final\validation-api-2.0.1.Final.jar;c:\AESoft\Maven Repository\org\hibernate\validator\hibernate-validator\6.0.14.Final\hibernate-validator-6.0.14.Final.jar;c:\AESoft\Maven Repository\javax\transaction\jta\1.1\jta-1.1.jar;C:\AESoft\AStructure\JWebMPParent\JWebMPBuilder\GuicedEE\Persistence\GuicedPersistence-BTM\target\guiced-persistence-btm-0.0.0_0-SNAPSHOT.jar;C:\AESoft\AStructure\JWebMPParent\JWebMPBuilder\GuicedEE\Persistence\BTM\target\btm-0.0.0_0-SNAPSHOT.jar;c:\AESoft\Maven Repository\javax\jms\jms\1.1\jms-1.1.jar;c:\AESoft\Maven Repository\javax\transaction\javax.transaction-api\1.3\javax.transaction-api-1.3.jar;c:\AESoft\Maven Repository\org\junit\jupiter\junit-jupiter-api\5.4.0\junit-jupiter-api-5.4.0.jar;c:\AESoft\Maven Repository\org\apiguardian\apiguardian-api\1.0.0\apiguardian-api-1.0.0.jar;c:\AESoft\Maven Repository\org\opentest4j\opentest4j\1.1.1\opentest4j-1.1.1.jar;c:\AESoft\Maven Repository\org\junit\platform\junit-platform-commons\1.4.0\junit-platform-commons-1.4.0.jar;c:\AESoft\Maven Repository\org\hamcrest\hamcrest-all\1.3\hamcrest-all-1.3.jar;c:\AESoft\Maven Repository\org\assertj\assertj-core\3.12.2\assertj-core-3.12.2.jar;c:\AESoft\Maven Repository\org\mockito\mockito-core\2.27.0\mockito-core-2.27.0.jar;c:\AESoft\Maven Repository\net\bytebuddy\byte-buddy\1.9.10\byte-buddy-1.9.10.jar;c:\AESoft\Maven Repository\net\bytebuddy\byte-buddy-agent\1.9.10\byte-buddy-agent-1.9.10.jar;c:\AESoft\Maven Repository\org\objenesis\objenesis\2.6\objenesis-2.6.jar;c:\AESoft\Maven Repository\org\hibernate\hibernate-core\5.4.1.Final\hibernate-core-5.4.1.Final.jar;c:\AESoft\Maven Repository\org\jboss\logging\jboss-logging\3.3.2.Final\jboss-logging-3.3.2.Final.jar;c:\AESoft\Maven Repository\javax\persistence\javax.persistence-api\2.2\javax.persistence-api-2.2.jar;c:\AESoft\Maven Repository\org\javassist\javassist\3.24.1-GA\javassist-3.24.1-GA.jar;c:\AESoft\Maven Repository\antlr\antlr\2.7.7\antlr-2.7.7.jar;c:\AESoft\Maven Repository\org\jboss\jandex\2.0.5.Final\jandex-2.0.5.Final.jar;c:\AESoft\Maven Repository\com\fasterxml\classmate\1.3.4\classmate-1.3.4.jar;c:\AESoft\Maven Repository\org\dom4j\dom4j\2.1.1\dom4j-2.1.1.jar;c:\AESoft\Maven Repository\org\hibernate\common\hibernate-commons-annotations\5.1.0.Final\hibernate-commons-annotations-5.1.0.Final.jar;c:\AESoft\Maven Repository\javax\xml\bind\jaxb-api\2.3.0\jaxb-api-2.3.0.jar;c:\AESoft\Maven Repository\org\glassfish\jaxb\jaxb-runtime\2.3.1\jaxb-runtime-2.3.1.jar;c:\AESoft\Maven Repository\org\glassfish\jaxb\txw2\2.3.1\txw2-2.3.1.jar;c:\AESoft\Maven Repository\com\sun\istack\istack-commons-runtime\3.0.7\istack-commons-runtime-3.0.7.jar;c:\AESoft\Maven Repository\org\jvnet\staxex\stax-ex\1.8\stax-ex-1.8.jar;c:\AESoft\Maven Repository\com\sun\xml\fastinfoset\FastInfoset\1.2.15\FastInfoset-1.2.15.jar;c:\AESoft\Maven Repository\org\hibernate\hibernate-jcache\5.4.1.Final\hibernate-jcache-5.4.1.Final.jar;c:\AESoft\Maven Repository\javax\cache\cache-api\1.1.0\cache-api-1.1.0.jar;c:\AESoft\Maven Repository\org\jsr107\ri\cache-annotations-ri-guice\1.1.0\cache-annotations-ri-guice-1.1.0.jar;c:\AESoft\Maven Repository\org\jsr107\ri\cache-annotations-ri-common\1.1.0\cache-annotations-ri-common-1.1.0.jar;c:\AESoft\Maven Repository\com\h2database\h2\1.4.197\h2-1.4.197.jar;c:\AESoft\Maven Repository\com\hazelcast\hazelcast-all\3.12\hazelcast-all-3.12.jar;C:\AESoft\AStructure\JWebMPParent\JWebMPBuilder\JPMSPending\commons-io\target\commons-io-0.0.0_0-SNAPSHOT.jar;c:\AESoft\Maven Repository\org\projectlombok\lombok\1.18.6\lombok-1.18.6.jar;
                          java.class.version=55.0
                          java.home=C:\Java\jdk-11
                          java.io.tmpdir=C:\Users\GedMarc\AppData\Local\Temp\
                          java.library.path=C:\Java\jdk-11\bin;C:\WINDOWS\Sun\Java\bin;C:\WINDOWS\system32;C:\WINDOWS;C:\Users\GedMarc\AppData\Local\GitHub\PortableGit_69bd5e6f85e4842f07db71c9618a621154c52254\cmd;C:\Users\GedMarc\AppData\Local\GitHub\PortableGit_69bd5e6f85e4842f07db71c9618a621154c52254\usr\bin;C:\Users\GedMarc\AppData\Local\GitHub\PortableGit_69bd5e6f85e4842f07db71c9618a621154c52254\usr\share\git-tfs;C:\Users\GedMarc\AppData\Local\Apps\2.0\NGZT6ZMW.5QW\0L2Z1KJ6.OZ2\gith..tion_317444273a93ac29_0003.0003_3b02964391cfbdd4;C:\Users\GedMarc\AppData\Local\GitHub\lfs-amd64_2.1.1;C:\Python27\;C:\Python27\Scripts;C:\Program Files (x86)\Intel\iCLS Client\;C:\Program Files\Intel\iCLS Client\;C:\WINDOWS\system32;C:\WINDOWS;C:\WINDOWS\System32\Wbem;C:\WINDOWS\System32\WindowsPowerShell\v1.0\;C:\WINDOWS\System32\OpenSSH\;C:\Program Files (x86)\Intel\Intel(R) Management Engine Components\DAL;C:\Program Files\Intel\Intel(R) Management Engine Components\DAL;C:\Program Files (x86)\Intel\Intel(R) Management Engine Components\IPT;C:\Program Files\Intel\Intel(R) Management Engine Components\IPT;C:\Program Files (x86)\Microsoft SQL Server\140\Tools\Binn\;C:\Program Files\Microsoft SQL Server\140\Tools\Binn\;C:\Program Files\Microsoft SQL Server\Client SDK\ODBC\130\Tools\Binn\;C:\Program Files\Microsoft SQL Server\140\DTS\Binn\;C:\Program Files (x86)\Microsoft SQL Server\Client SDK\ODBC\130\Tools\Binn\;C:\Program Files (x86)\Microsoft SQL Server\140\DTS\Binn\;C:\Program Files (x86)\Microsoft SQL Server\140\Tools\Binn\ManagementStudio\;C:\Program Files\Git\cmd;C:\Program Files\nodejs\;C:\ProgramData\chocolatey\bin;C:\Program Files (x86)\Windows Kits\10\Windows Performance Toolkit\;C:\Program Files (x86)\Windows Kits\10\Microsoft Application Virtualization\Sequencer\;C:\Users\GedMarc\AppData\Local\Microsoft\WindowsApps;C:\Software\IntelliJIDEA2018.3.5\bin;;C:\Java\jdk-11\bin;C:\Java\maven\bin;C:\Users\GedMarc\AppData\Roaming\npm;;C:\Program Files (x86)\MSBuild\14.0\bin\;C:\Program Files (x86)\Microsoft SDKs\Windows\v8.1A\bin\NETFX 4.5.1 Tools\x64;.
                          java.runtime.name=OpenJDK Runtime Environment
                          java.runtime.version=11+28
                          java.specification.name=Java Platform API Specification
                          java.specification.vendor=Oracle Corporation
                          java.specification.version=11
                          java.vendor=Oracle Corporation
                          java.vendor.url=http://java.oracle.com/
                          java.vendor.url.bug=http://bugreport.java.com/bugreport/
                          java.vendor.version=18.9
                          java.version=11
                          java.version.date=2018-09-25
                          java.vm.args=
                          java.vm.compressedOopsMode=Zero based
                          java.vm.info=mixed mode
                          java.vm.name=OpenJDK 64-Bit Server VM
                          java.vm.specification.name=Java Virtual Machine Specification
                          java.vm.specification.vendor=Oracle Corporation
                          java.vm.specification.version=11
                          java.vm.vendor=Oracle Corporation
                          java.vm.version=11+28
                          os.arch=amd64
                          os.name=Windows 10
                          os.version=10.0
                          sun.arch.data.model=64
                          sun.boot.library.path=C:\Java\jdk-11\bin
                          sun.cpu.endian=little
                          sun.cpu.isalist=amd64
                          sun.desktop=windows
                          sun.io.unicode.encoding=UnicodeLittle
                          sun.java.command=C:\Users\GedMarc\AppData\Local\Temp\surefire6416552732678697743\surefirebooter13058636078292467915.jar C:\Users\GedMarc\AppData\Local\Temp\surefire6416552732678697743 2019-04-12T11-40-34_900-jvmRun1 surefire15250558210041394686tmp surefire_159975054423995485806tmp
                          sun.java.launcher=SUN_STANDARD
                          sun.jnu.encoding=Cp1252
                          sun.management.compiler=HotSpot 64-Bit Tiered Compilers
                          sun.os.patch.level=]
12-04-2019 11:47:42 1555062462128 Metric[classloading.loadedClassesCount=6652]
12-04-2019 11:47:42 1555062462128 Metric[classloading.totalLoadedClassesCount=6652]
12-04-2019 11:47:42 1555062462128 Metric[classloading.unloadedClassCount=0]
12-04-2019 11:47:42 1555062462128 Metric[executionService.userExecutorQueueSize=0]
12-04-2019 11:47:42 1555062462128 Metric[file.partition[user.home].freeSpace=86689955840]
12-04-2019 11:47:42 1555062462128 Metric[file.partition[user.home].totalSpace=478977880064]
12-04-2019 11:47:42 1555062462128 Metric[file.partition[user.home].usableSpace=86689955840]
12-04-2019 11:47:42 1555062462128 Metric[gc.majorCount=0]
12-04-2019 11:47:42 1555062462128 Metric[gc.majorTime=0]
12-04-2019 11:47:42 1555062462128 Metric[gc.minorCount=0]
12-04-2019 11:47:42 1555062462128 Metric[gc.minorTime=0]
12-04-2019 11:47:42 1555062462128 Metric[gc.unknownCount=0]
12-04-2019 11:47:42 1555062462128 Metric[gc.unknownTime=0]
12-04-2019 11:47:42 1555062462128 Metric[invocations.maxCurrentInvocations=2147483647]
12-04-2019 11:47:42 1555062462128 Metric[invocations.pendingCalls=0]
12-04-2019 11:47:42 1555062462128 Metric[invocations.startedInvocations=21]
12-04-2019 11:47:42 1555062462128 Metric[memory.committedHeap=322961408]
12-04-2019 11:47:42 1555062462128 Metric[memory.committedNative=0]
12-04-2019 11:47:42 1555062462128 Metric[memory.freeHeap=230225096]
12-04-2019 11:47:42 1555062462128 Metric[memory.freeNative=0]
12-04-2019 11:47:42 1555062462128 Metric[memory.freePhysical=-1]
12-04-2019 11:47:42 1555062462128 Metric[memory.maxHeap=4269801472]
12-04-2019 11:47:42 1555062462128 Metric[memory.maxMetadata=0]
12-04-2019 11:47:42 1555062462128 Metric[memory.maxNative=0]
12-04-2019 11:47:42 1555062462128 Metric[memory.totalPhysical=-1]
12-04-2019 11:47:42 1555062462128 Metric[memory.usedHeap=92736312]
12-04-2019 11:47:42 1555062462128 Metric[memory.usedMetadata=0]
12-04-2019 11:47:42 1555062462128 Metric[memory.usedNative=0]
12-04-2019 11:47:42 1555062462128 Metric[os.systemLoadAverage=-1.0]
12-04-2019 11:47:42 1555062462128 Metric[runtime.availableProcessors=12]
12-04-2019 11:47:42 1555062462128 Metric[runtime.freeMemory=230225096]
12-04-2019 11:47:42 1555062462128 Metric[runtime.maxMemory=4269801472]
12-04-2019 11:47:42 1555062462128 Metric[runtime.totalMemory=322961408]
12-04-2019 11:47:42 1555062462128 Metric[runtime.uptime=22331]
12-04-2019 11:47:42 1555062462128 Metric[runtime.usedMemory=92736312]
12-04-2019 11:47:42 1555062462128 Metric[thread.daemonThreadCount=10]
12-04-2019 11:47:42 1555062462128 Metric[thread.peakThreadCount=27]
12-04-2019 11:47:42 1555062462128 Metric[thread.threadCount=23]
12-04-2019 11:47:42 1555062462128 Metric[thread.totalStartedThreadCount=43]
